<?xml version="1.0" encoding="UTF-8"?>
<testng-results skipped="0" failed="0" ignored="0" total="1" passed="1">
  <reporter-output>
  </reporter-output>
  <suite name="Default suite" duration-ms="25593" started-at="2020-08-18T14:07:15Z" finished-at="2020-08-18T14:07:40Z">
    <groups>
    </groups>
    <test name="Default test" duration-ms="25593" started-at="2020-08-18T14:07:15Z" finished-at="2020-08-18T14:07:40Z">
      <class name="com.test.RequestTest">
        <test-method status="PASS" signature="loginTest()[pri:0, instance:com.test.RequestTest@51c8530f]" name="loginTest" duration-ms="25554" started-at="2020-08-18T14:07:15Z" finished-at="2020-08-18T14:07:40Z">
          <reporter-output>
          </reporter-output>
        </test-method> <!-- loginTest -->
      </class> <!-- com.test.RequestTest -->
    </test> <!-- Default test -->
  </suite> <!-- Default suite -->
</testng-results>
